<?xml version="1.0" encoding="UTF-8"?>
<testsuite xmlns:xsi="http://www.w3.org/2001/XMLSchema-instance" xsi:noNamespaceSchemaLocation="https://maven.apache.org/surefire/maven-surefire-plugin/xsd/surefire-test-report-3.0.xsd" version="3.0" name="com.cbfacademy.StringExercisesTest" time="0.173" tests="21" errors="0" skipped="0" failures="0">
  <properties>
[...]
</properties>
  <testcase name="returnExerciseName" classname="com.cbfacademy.StringExercisesTest" time="0.032"/>
  <testcase name="isPalindrome(String, Boolean)[1]" classname="com.cbfacademy.StringExercisesTest" time="0.026">
    <system-out><![CDATA[anna and anna
The input word is a Palindrome
]]></system-out>
  </testcase>
  <testcase name="isPalindrome(String, Boolean)[2]" classname="com.cbfacademy.StringExercisesTest" time="0.001">
    <system-out><![CDATA[radar and radar
The input word is a Palindrome
]]></system-out>
  </testcase>
  <testcase name="isPalindrome(String, Boolean)[3]" classname="com.cbfacademy.StringExercisesTest" time="0.001">
    <system-out><![CDATA[refer and refer
The input word is a Palindrome
]]></system-out>
  </testcase>
  <testcase name="isPalindrome(String, Boolean)[4]" classname="com.cbfacademy.StringExercisesTest" time="0.002">
    <system-out><![CDATA[solos and solos
The input word is a Palindrome
]]></system-out>
  </testcase>
  <testcase name="isPalindrome(String, Boolean)[5]" classname="com.cbfacademy.StringExercisesTest" time="0.001">
    <system-out><![CDATA[noon and noon
The input word is a Palindrome
]]></system-out>
  </testcase>
  <testcase name="isPalindrome(String, Boolean)[6]" classname="com.cbfacademy.StringExercisesTest" time="0.001">
    <system-out><![CDATA[madam and madam
The input word is a Palindrome
]]></system-out>
  </testcase>
  <testcase name="isPalindrome(String, Boolean)[7]" classname="com.cbfacademy.StringExercisesTest" time="0.001">
    <system-out><![CDATA[typescript and tpircsepyt
The input word is not a Palindrome
]]></system-out>
  </testcase>
  <testcase name="isPalindrome(String, Boolean)[8]" classname="com.cbfacademy.StringExercisesTest" time="0.001">
    <system-out><![CDATA[javascript and tpircsavaj
The input word is not a Palindrome
]]></system-out>
  </testcase>
  <testcase name="isPalindrome(String, Boolean)[9]" classname="com.cbfacademy.StringExercisesTest" time="0.002">
    <system-out><![CDATA[java and avaj
The input word is not a Palindrome
]]></system-out>
  </testcase>
  <testcase name="isPalindrome(String, Boolean)[10]" classname="com.cbfacademy.StringExercisesTest" time="0.001">
    <system-out><![CDATA[street and teerts
The input word is not a Palindrome
]]></system-out>
  </testcase>
  <testcase name="isPalindrome(String, Boolean)[11]" classname="com.cbfacademy.StringExercisesTest" time="0.002">
    <system-out><![CDATA[apple and elppa
The input word is not a Palindrome
]]></system-out>
  </testcase>
  <testcase name="isPalindrome(String, Boolean)[12]" classname="com.cbfacademy.StringExercisesTest" time="0.001">
    <system-out><![CDATA[python and nohtyp
The input word is not a Palindrome
]]></system-out>
  </testcase>
  <testcase name="isPalindrome(String, Boolean)[13]" classname="com.cbfacademy.StringExercisesTest" time="0.001">
    <system-out><![CDATA[midnight and thgindim
The input word is not a Palindrome
]]></system-out>
  </testcase>
  <testcase name="stringsFromCharacters(char[], String)[1]" classname="com.cbfacademy.StringExercisesTest" time="0.003">
    <system-out><![CDATA[h
e
l
l
o
]]></system-out>
  </testcase>
  <testcase name="stringsFromCharacters(char[], String)[2]" classname="com.cbfacademy.StringExercisesTest" time="0.001">
    <system-out><![CDATA[w
o
r
l
d
]]></system-out>
  </testcase>
  <testcase name="stringsFromCharacters(char[], String)[3]" classname="com.cbfacademy.StringExercisesTest" time="0.003">
    <system-out><![CDATA[C
B
F
]]></system-out>
  </testcase>
  <testcase name="stringsFromCharacters(char[], String)[4]" classname="com.cbfacademy.StringExercisesTest" time="0.001">
    <system-out><![CDATA[a
c
a
d
e
m
y
]]></system-out>
  </testcase>
  <testcase name="stringsFromCharacters(char[], String)[5]" classname="com.cbfacademy.StringExercisesTest" time="0.001">
    <system-out><![CDATA[i
n
t
r
o
-
t
o
-
j
a
v
a
]]></system-out>
  </testcase>
  <testcase name="howMany(String, Character, Long)[1]" classname="com.cbfacademy.StringExercisesTest" time="0.009">
    <system-out><![CDATA[String length is : 308
character[142] = g
character[225] = g
character[226] = g
character[229] = g
character[252] = g
Total number of character that match entry(g) = ]]></system-out>
  </testcase>
  <testcase name="howMany(String, Character, Long)[2]" classname="com.cbfacademy.StringExercisesTest" time="0.001">
    <system-out><![CDATA[String length is : 272
character[29] = e
character[61] = e
character[63] = e
character[66] = e
character[85] = e
character[105] = e
character[110] = e
character[123] = e
character[126] = e
character[142] = e
character[151] = e
character[157] = e
character[200] = e
character[203] = e
character[209] = e
character[237] = e
character[242] = e
character[264] = e
Total number of character that match entry(e) = ]]></system-out>
  </testcase>
</testsuite>