<?xml version="1.0" encoding="UTF-8"?>
<testsuite xmlns:xsi="http://www.w3.org/2001/XMLSchema-instance" xsi:noNamespaceSchemaLocation="https://maven.apache.org/surefire/maven-surefire-plugin/xsd/surefire-test-report-3.0.xsd" version="3.0" name="com.cbfacademy.FlowControlExercisesTest" time="0.14" tests="14" errors="0" skipped="0" failures="0">
  <properties>
[...]
</properties>
  <testcase name="returnUnitName" classname="com.cbfacademy.FlowControlExercisesTest" time="0.034"/>
  <testcase name="months(Integer, String)[1]" classname="com.cbfacademy.FlowControlExercisesTest" time="0.022">
    <system-out><![CDATA[please input numbers between 1 and 12
Invalid month number
]]></system-out>
  </testcase>
  <testcase name="months(Integer, String)[2]" classname="com.cbfacademy.FlowControlExercisesTest" time="0.001">
    <system-out><![CDATA[please input numbers between 1 and 12
Invalid month number
]]></system-out>
  </testcase>
  <testcase name="months(Integer, String)[3]" classname="com.cbfacademy.FlowControlExercisesTest" time="0.001">
    <system-out><![CDATA[April
]]></system-out>
  </testcase>
  <testcase name="months(Integer, String)[4]" classname="com.cbfacademy.FlowControlExercisesTest" time="0.001">
    <system-out><![CDATA[January
]]></system-out>
  </testcase>
  <testcase name="oddAndEvenNumbers" classname="com.cbfacademy.FlowControlExercisesTest" time="0.005">
    <system-out><![CDATA[[1, 3, 5, 7, 9, 11, 13, 15, 17, 19, 21, 23, 25, 27, 29, 31, 33, 35, 37, 39, 41, 43, 45, 47, 49, 51, 53, 55, 57, 59, 61, 63, 65, 67, 69, 71, 73, 75, 77, 79, 81, 83, 85, 87, 89, 91, 93, 95, 97, 99]
2500
[2, 4, 6, 8, 10, 12, 14, 16, 18, 20, 22, 24, 26, 28, 30, 32, 34, 36, 38, 40, 42, 44, 46, 48, 50, 52, 54, 56, 58, 60, 62, 64, 66, 68, 70, 72, 74, 76, 78, 80, 82, 84, 86, 88, 90, 92, 94, 96, 98, 100]
2550
{"SumOfEvens", 2550} 
{"SumOfOdds", 2500} 
]]></system-out>
  </testcase>
  <testcase name="fizzBuzz(List, List)[1]" classname="com.cbfacademy.FlowControlExercisesTest" time="0.003">
    <system-out><![CDATA[[1, 2, 4, 7, 8, 11, 13, 17]
]]></system-out>
  </testcase>
  <testcase name="fizzBuzz(List, List)[2]" classname="com.cbfacademy.FlowControlExercisesTest" time="0.001">
    <system-out><![CDATA[[1, 2, Fizz, Buzz, Fizz, FizzBuzz, Fizz, FizzBuzz, Buzz]
]]></system-out>
  </testcase>
  <testcase name="fizzBuzz(List, List)[3]" classname="com.cbfacademy.FlowControlExercisesTest" time="0.001">
    <system-out><![CDATA[[Fizz, Buzz, FizzBuzz, Fizz, Buzz, FizzBuzz]
]]></system-out>
  </testcase>
  <testcase name="fizzBuzz(List, List)[4]" classname="com.cbfacademy.FlowControlExercisesTest" time="0.001">
    <system-out><![CDATA[[Fizz, Fizz, 91, 187, Fizz, 2023]
]]></system-out>
  </testcase>
  <testcase name="reverseOrder(ArrayList, List)[1]" classname="com.cbfacademy.FlowControlExercisesTest" time="0.003">
    <system-out><![CDATA[anotherList = [1, 2, 4, 7, 8, 11, 13, 17]
newList = [17, 13, 11, 8, 7, 4, 2, 1]
]]></system-out>
  </testcase>
  <testcase name="reverseOrder(ArrayList, List)[2]" classname="com.cbfacademy.FlowControlExercisesTest" time="0.001">
    <system-out><![CDATA[anotherList = [1, 2, 3, 5, 9, 15, 21, 30, 35]
newList = [35, 30, 21, 15, 9, 5, 3, 2, 1]
]]></system-out>
  </testcase>
  <testcase name="reverseOrder(ArrayList, List)[3]" classname="com.cbfacademy.FlowControlExercisesTest" time="0.001">
    <system-out><![CDATA[anotherList = [123, -5, 0, 1890, 20, 30]
newList = [30, 20, 1890, 0, -5, 123]
]]></system-out>
  </testcase>
  <testcase name="reverseOrder(ArrayList, List)[4]" classname="com.cbfacademy.FlowControlExercisesTest" time="0.001">
    <system-out><![CDATA[anotherList = [213, 54, 91, 187, 2001, 2023]
newList = [2023, 2001, 187, 91, 54, 213]
]]></system-out>
  </testcase>
</testsuite>